This is pdfTeX, Version 3.14159265-2.6-1.40.15 (TeX Live 2014) (preloaded format=pdflatex 2015.2.27)  14 JUN 2016 23:14
entering extended mode
 restricted \write18 enabled.
 %&-line parsing enabled.
**Macquarie_job.tex
(./Macquarie_job.tex
LaTeX2e <2014/05/01>
Babel <3.9k> and hyphenation patterns for 78 languages loaded.
(./res.cls
Document Style `res' <26 Sep 89>.
Document Class: res 2000/05/19 v1.4b Resume class
(/usr/local/texlive/2014/texmf-dist/tex/latex/base/article.cls
Document Class: article 2007/10/19 v1.4h Standard LaTeX document class
(/usr/local/texlive/2014/texmf-dist/tex/latex/base/size10.clo
File: size10.clo 2007/10/19 v1.4h Standard LaTeX file (size option)
)
\c@part=\count79
\c@section=\count80
\c@subsection=\count81
\c@subsubsection=\count82
\c@paragraph=\count83
\c@subparagraph=\count84
\c@figure=\count85
\c@table=\count86
\abovecaptionskip=\skip41
\belowcaptionskip=\skip42
\bibindent=\dimen102
)
No auxiliary output files.

\tabular@text=\toks14
\tabular@head=\toks15
\tabular@tail=\toks16
\@ta=\toks17
\undefined@token=\toks18
\sectionwidth=\dimen103
\sectionskip=\skip43
\resumewidth=\dimen104
\@columnwidth=\dimen105
\c@numberofcolumns=\count87
) (./Macquarie_job.aux)
LaTeX Font Info:    Checking defaults for OML/cmm/m/it on input line 27.
LaTeX Font Info:    ... okay on input line 27.
LaTeX Font Info:    Checking defaults for T1/cmr/m/n on input line 27.
LaTeX Font Info:    ... okay on input line 27.
LaTeX Font Info:    Checking defaults for OT1/cmr/m/n on input line 27.
LaTeX Font Info:    ... okay on input line 27.
LaTeX Font Info:    Checking defaults for OMS/cmsy/m/n on input line 27.
LaTeX Font Info:    ... okay on input line 27.
LaTeX Font Info:    Checking defaults for OMX/cmex/m/n on input line 27.
LaTeX Font Info:    ... okay on input line 27.
LaTeX Font Info:    Checking defaults for U/cmr/m/n on input line 27.
LaTeX Font Info:    ... okay on input line 27.
LaTeX Font Info:    External font `cmex10' loaded for size
(Font)              <7> on input line 33.
LaTeX Font Info:    External font `cmex10' loaded for size
(Font)              <5> on input line 33.

Underfull \hbox (badness 2020) in paragraph at lines 37--38
[]\OT1/cmr/m/it/10 Website: \OT1/cmr/m/n/10 http://rsaa.anu.edu.au/people/rajik
a-
 []


Overfull \hbox (90.26999pt too wide) in paragraph at lines 33--39
[][] 
 []


Underfull \hbox (badness 10000) in paragraph at lines 99--101

 []


Underfull \hbox (badness 10000) in paragraph at lines 101--103

 []

[1

{/usr/local/texlive/2014/texmf-var/fonts/map/pdftex/updmap/pdftex.map}]
Underfull \hbox (badness 10000) in paragraph at lines 103--104

 []


Underfull \hbox (badness 10000) in paragraph at lines 110--111

 []

[2] ) 
Here is how much of TeX's memory you used:
 299 strings out of 493117
 3199 string characters out of 6135433
 59138 words of memory out of 5000000
 3841 multiletter control sequences out of 15000+600000
 5368 words of font info for 20 fonts, out of 8000000 for 9000
 1141 hyphenation exceptions out of 8191
 29i,8n,21p,302b,202s stack positions out of 5000i,500n,10000p,200000b,80000s
</usr/local/texlive/2014/texmf-dist/fonts/type1/public/amsfonts/cm/cmbx10.
pfb></usr/local/texlive/2014/texmf-dist/fonts/type1/public/amsfonts/cm/cmbx12.p
fb></usr/local/texlive/2014/texmf-dist/fonts/type1/public/amsfonts/cm/cmcsc10.p
fb></usr/local/texlive/2014/texmf-dist/fonts/type1/public/amsfonts/cm/cmr10.pfb
></usr/local/texlive/2014/texmf-dist/fonts/type1/public/amsfonts/cm/cmr7.pfb></
usr/local/texlive/2014/texmf-dist/fonts/type1/public/amsfonts/cm/cmsy10.pfb></u
sr/local/texlive/2014/texmf-dist/fonts/type1/public/amsfonts/cm/cmti10.pfb></us
r/local/texlive/2014/texmf-dist/fonts/type1/public/amsfonts/cm/cmtt10.pfb>
Output written on Macquarie_job.pdf (2 pages, 107570 bytes).
PDF statistics:
 43 PDF objects out of 1000 (max. 8388607)
 30 compressed objects within 1 object stream
 0 named destinations out of 1000 (max. 500000)
 1 words of extra memory for PDF output out of 10000 (max. 10000000)

